This is pdfTeX, Version 3.141592653-2.6-1.40.22 (MiKTeX 21.2) (preloaded format=pdflatex 2021.8.28)  21 SEP 2021 09:57
entering extended mode
**./Assignment3.tex
(Assignment3.tex
LaTeX2e <2020-10-01> patch level 4
L3 programming layer <2021-02-18> xparse <2020-03-03>
(C:\Users\f1060\AppData\Local\Programs\MiKTeX 2.9\tex/latex/base\article.cls
Document Class: article 2020/04/10 v1.4m Standard LaTeX document class
(C:\Users\f1060\AppData\Local\Programs\MiKTeX 2.9\tex/latex/base\size12.clo
File: size12.clo 2020/04/10 v1.4m Standard LaTeX file (size option)
)
\c@part=\count179
\c@section=\count180
\c@subsection=\count181
\c@subsubsection=\count182
\c@paragraph=\count183
\c@subparagraph=\count184
\c@figure=\count185
\c@table=\count186
\abovecaptionskip=\skip47
\belowcaptionskip=\skip48
\bibindent=\dimen138
)
(C:\Users\f1060\AppData\Local\Programs\MiKTeX 2.9\tex/latex/blindtext\blindtext
.sty
Package: blindtext 2012/01/06 V2.0 blindtext-Package

(C:\Users\f1060\AppData\Local\Programs\MiKTeX 2.9\tex/latex/latex-tools\xspace.
sty
Package: xspace 2014/10/28 v1.13 Space after command names (DPC,MH)
)
\c@blindtext=\count187
\c@Blindtext=\count188
\c@blind@countparstart=\count189
\blind@countxx=\count190
\blindtext@numBlindtext=\count191
\blind@countyy=\count192
\c@blindlist=\count193
\c@blindlistlevel=\count194
\c@blindlist@level=\count195
\blind@listitem=\count196
\c@blind@listcount=\count197
\c@blind@levelcount=\count198
\blind@mathformula=\count199
\blind@Mathformula=\count266
\c@blind@randomcount=\count267
\c@blind@randommax=\count268
\c@blind@pangramcount=\count269
\c@blind@pangrammax=\count270
)
(C:\Users\f1060\AppData\Local\Programs\MiKTeX 2.9\tex/latex/lipsum\lipsum.sty
(C:\Users\f1060\AppData\Local\Programs\MiKTeX 2.9\tex/latex/l3packages/l3keys2e
\l3keys2e.sty
(C:\Users\f1060\AppData\Local\Programs\MiKTeX 2.9\tex/latex/l3kernel\expl3.sty
Package: expl3 2021-02-18 L3 programming layer (loader) 

(C:\Users\f1060\AppData\Local\Programs\MiKTeX 2.9\tex/latex/l3backend\l3backend
-pdftex.def
File: l3backend-pdftex.def 2021-02-18 L3 backend support: PDF output (pdfTeX)
\l__color_backend_stack_int=\count271
\l__pdf_internal_box=\box47
))
Package: l3keys2e 2020-10-27 LaTeX2e option processing using LaTeX3 keys
)
Package: lipsum 2021-08-01 v2.5 150 paragraphs of Lorem Ipsum dummy text
\g__lipsum_par_int=\count272
\l__lipsum_a_int=\count273
\l__lipsum_b_int=\count274

LaTeX3 Info: Defining command \LipsumPar with sig. 'm' on line 175.


LaTeX3 Info: Defining command \SetLipsumParListItemStart with sig. 's+m' on
(LaTeX3)     line 208.


LaTeX3 Info: Defining command \SetLipsumParListStart with sig. 's+m' on line
(LaTeX3)     208.


LaTeX3 Info: Defining command \SetLipsumParListItemEnd with sig. 's+m' on line
(LaTeX3)     208.


LaTeX3 Info: Defining command \SetLipsumParListEnd with sig. 's+m' on line
(LaTeX3)     208.


LaTeX3 Info: Defining command \SetLipsumParListItemSurrounders with sig.
(LaTeX3)     's+m+m' on line 208.


LaTeX3 Info: Defining command \SetLipsumParListSurrounders with sig. 's+m+m'
(LaTeX3)     on line 208.


LaTeX3 Info: Defining command \SetLipsumParListItemSeparator with sig. 's+m'
(LaTeX3)     on line 208.


LaTeX3 Info: Defining command \SetLipsumSentenceListItemStart with sig. 's+m'
(LaTeX3)     on line 208.


LaTeX3 Info: Defining command \SetLipsumSentenceListStart with sig. 's+m' on
(LaTeX3)     line 208.


LaTeX3 Info: Defining command \SetLipsumSentenceListItemEnd with sig. 's+m' on
(LaTeX3)     line 208.


LaTeX3 Info: Defining command \SetLipsumSentenceListEnd with sig. 's+m' on
(LaTeX3)     line 208.


LaTeX3 Info: Defining command \SetLipsumSentenceListItemSurrounders with sig.
(LaTeX3)     's+m+m' on line 208.


LaTeX3 Info: Defining command \SetLipsumSentenceListSurrounders with sig.
(LaTeX3)     's+m+m' on line 208.


LaTeX3 Info: Defining command \SetLipsumSentenceListItemSeparator with sig.
(LaTeX3)     's+m' on line 208.


LaTeX3 Info: Defining command \SetLipsumDefault with sig. 'm' on line 214.


LaTeX3 Info: Defining command \lipsum with sig. 'sO{\g_lipsum_default_range_tl
(LaTeX3)     }o' on line 223.


LaTeX3 Info: Defining command \unpacklipsum with sig.
(LaTeX3)     'sO{\g_lipsum_default_range_tl }o' on line 225.


LaTeX3 Info: Defining command \SetLipsumText with sig. 'm' on line 313.


LaTeX3 Info: Defining command \SetLipsumLanguage with sig. 'm' on line 315.


LaTeX3 Info: Defining command \setlipsum with sig. '+m' on line 344.


(C:\Users\f1060\AppData\Local\Programs\MiKTeX 2.9\tex/latex/lipsum\lipsum.ltd.t
ex))
(C:\Users\f1060\AppData\Local\Programs\MiKTeX 2.9\tex/latex/graphics\graphicx.s
ty
Package: graphicx 2020/09/09 v1.2b Enhanced LaTeX Graphics (DPC,SPQR)

(C:\Users\f1060\AppData\Local\Programs\MiKTeX 2.9\tex/latex/graphics\keyval.sty
Package: keyval 2014/10/28 v1.15 key=value parser (DPC)
\KV@toks@=\toks15
)
(C:\Users\f1060\AppData\Local\Programs\MiKTeX 2.9\tex/latex/graphics\graphics.s
ty
Package: graphics 2020/08/30 v1.4c Standard LaTeX Graphics (DPC,SPQR)

(C:\Users\f1060\AppData\Local\Programs\MiKTeX 2.9\tex/latex/graphics\trig.sty
Package: trig 2016/01/03 v1.10 sin cos tan (DPC)
)
(C:\Users\f1060\AppData\Local\Programs\MiKTeX 2.9\tex/latex/graphics-cfg\graphi
cs.cfg
File: graphics.cfg 2016/06/04 v1.11 sample graphics configuration
)
Package graphics Info: Driver file: pdftex.def on input line 105.

(C:\Users\f1060\AppData\Local\Programs\MiKTeX 2.9\tex/latex/graphics-def\pdftex
.def
File: pdftex.def 2020/10/05 v1.2a Graphics/color driver for pdftex
))
\Gin@req@height=\dimen139
\Gin@req@width=\dimen140
)
(C:\Users\f1060\AppData\Local\Programs\MiKTeX 2.9\tex/latex/amscls\amsthm.sty
Package: amsthm 2020/05/29 v2.20.6
\thm@style=\toks16
\thm@bodyfont=\toks17
\thm@headfont=\toks18
\thm@notefont=\toks19
\thm@headpunct=\toks20
\thm@preskip=\skip49
\thm@postskip=\skip50
\thm@headsep=\skip51
\dth@everypar=\toks21
)
(C:\Users\f1060\AppData\Local\Programs\MiKTeX 2.9\tex/latex/amsfonts\amssymb.st
y
Package: amssymb 2013/01/14 v3.01 AMS font symbols

(C:\Users\f1060\AppData\Local\Programs\MiKTeX 2.9\tex/latex/amsfonts\amsfonts.s
ty
Package: amsfonts 2013/01/14 v3.01 Basic AMSFonts support
\@emptytoks=\toks22
\symAMSa=\mathgroup4
\symAMSb=\mathgroup5
LaTeX Font Info:    Redeclaring math symbol \hbar on input line 98.
LaTeX Font Info:    Overwriting math alphabet `\mathfrak' in version `bold'
(Font)                  U/euf/m/n --> U/euf/b/n on input line 106.
))
(C:\Users\f1060\AppData\Local\Programs\MiKTeX 2.9\tex/latex/amsmath\amsmath.sty
Package: amsmath 2020/09/23 v2.17i AMS math features
\@mathmargin=\skip52
For additional information on amsmath, use the `?' option.

(C:\Users\f1060\AppData\Local\Programs\MiKTeX 2.9\tex/latex/amsmath\amstext.sty
Package: amstext 2000/06/29 v2.01 AMS text
(C:\Users\f1060\AppData\Local\Programs\MiKTeX 2.9\tex/latex/amsmath\amsgen.sty
File: amsgen.sty 1999/11/30 v2.0 generic functions
\@emptytoks=\toks23
\ex@=\dimen141
))
(C:\Users\f1060\AppData\Local\Programs\MiKTeX 2.9\tex/latex/amsmath\amsbsy.sty
Package: amsbsy 1999/11/29 v1.2d Bold Symbols
\pmbraise@=\dimen142
) (C:\Users\f1060\AppData\Local\Programs\MiKTeX 2.9\tex/latex/amsmath\amsopn.st
y
Package: amsopn 2016/03/08 v2.02 operator names
)
\inf@bad=\count275
LaTeX Info: Redefining \frac on input line 234.
\uproot@=\count276
\leftroot@=\count277
LaTeX Info: Redefining \overline on input line 399.
\classnum@=\count278
\DOTSCASE@=\count279
LaTeX Info: Redefining \ldots on input line 496.
LaTeX Info: Redefining \dots on input line 499.
LaTeX Info: Redefining \cdots on input line 620.
\Mathstrutbox@=\box48
\strutbox@=\box49
\big@size=\dimen143
LaTeX Font Info:    Redeclaring font encoding OML on input line 743.
LaTeX Font Info:    Redeclaring font encoding OMS on input line 744.
\macc@depth=\count280
\c@MaxMatrixCols=\count281
\dotsspace@=\muskip16
\c@parentequation=\count282
\dspbrk@lvl=\count283
\tag@help=\toks24
\row@=\count284
\column@=\count285
\maxfields@=\count286
\andhelp@=\toks25
\eqnshift@=\dimen144
\alignsep@=\dimen145
\tagshift@=\dimen146
\tagwidth@=\dimen147
\totwidth@=\dimen148
\lineht@=\dimen149
\@envbody=\toks26
\multlinegap=\skip53
\multlinetaggap=\skip54
\mathdisplay@stack=\toks27
LaTeX Info: Redefining \[ on input line 2923.
LaTeX Info: Redefining \] on input line 2924.
)
(C:\Users\f1060\AppData\Local\Programs\MiKTeX 2.9\tex/latex/physics\physics.sty
Package: physics 

(C:\Users\f1060\AppData\Local\Programs\MiKTeX 2.9\tex/latex/l3packages/xparse\x
parse.sty
Package: xparse 2020-10-27 L3 Experimental document command parser

(C:\Users\f1060\AppData\Local\Programs\MiKTeX 2.9\tex/latex/l3packages/xparse\x
parse-generic.tex)))
(C:\Users\f1060\AppData\Local\Programs\MiKTeX 2.9\tex/generic/genmisc\nth.sty
Package: nth 2002/02/27
)
(C:\Users\f1060\AppData\Local\Programs\MiKTeX 2.9\tex/latex/setspace\setspace.s
ty
Package: setspace 2011/12/19 v6.7a set line spacing
) (Assignment3.aux)
\openout1 = `Assignment3.aux'.

LaTeX Font Info:    Checking defaults for OML/cmm/m/it on input line 38.
LaTeX Font Info:    ... okay on input line 38.
LaTeX Font Info:    Checking defaults for OMS/cmsy/m/n on input line 38.
LaTeX Font Info:    ... okay on input line 38.
LaTeX Font Info:    Checking defaults for OT1/cmr/m/n on input line 38.
LaTeX Font Info:    ... okay on input line 38.
LaTeX Font Info:    Checking defaults for T1/cmr/m/n on input line 38.
LaTeX Font Info:    ... okay on input line 38.
LaTeX Font Info:    Checking defaults for TS1/cmr/m/n on input line 38.
LaTeX Font Info:    ... okay on input line 38.
LaTeX Font Info:    Checking defaults for OMX/cmex/m/n on input line 38.
LaTeX Font Info:    ... okay on input line 38.
LaTeX Font Info:    Checking defaults for U/cmr/m/n on input line 38.
LaTeX Font Info:    ... okay on input line 38.

(C:\Users\f1060\AppData\Local\Programs\MiKTeX 2.9\tex/context/base/mkii\supp-pd
f.mkii
[Loading MPS to PDF converter (version 2006.09.02).]
\scratchcounter=\count287
\scratchdimen=\dimen150
\scratchbox=\box50
\nofMPsegments=\count288
\nofMParguments=\count289
\everyMPshowfont=\toks28
\MPscratchCnt=\count290
\MPscratchDim=\dimen151
\MPnumerator=\count291
\makeMPintoPDFobject=\count292
\everyMPtoPDFconversion=\toks29
)
(C:\Users\f1060\AppData\Local\Programs\MiKTeX 2.9\tex/latex/epstopdf-pkg\epstop
df-base.sty
Package: epstopdf-base 2020-01-24 v2.11 Base part for package epstopdf
Package epstopdf-base Info: Redefining graphics rule for `.eps' on input line 4
85.
)
LaTeX Font Info:    Trying to load font information for U+msa on input line 45.


(C:\Users\f1060\AppData\Local\Programs\MiKTeX 2.9\tex/latex/amsfonts\umsa.fd
File: umsa.fd 2013/01/14 v3.01 AMS symbols A
)
LaTeX Font Info:    Trying to load font information for U+msb on input line 45.


(C:\Users\f1060\AppData\Local\Programs\MiKTeX 2.9\tex/latex/amsfonts\umsb.fd
File: umsb.fd 2013/01/14 v3.01 AMS symbols B
)
Overfull \hbox (4.28459pt too wide) in paragraph at lines 55--55
[]
 []

[1

{C:/Users/f1060/AppData/Local/MiKTeX/2.9/pdftex/config/pdftex.map}]
<SPACs_tl.png, id=9, 578.16pt x 722.7pt>
File: SPACs_tl.png Graphic file (type png)
<use SPACs_tl.png>
Package pdftex.def Info: SPACs_tl.png  used on input line 71.
(pdftex.def)             Requested size: 520.33919pt x 650.42398pt.

Overfull \hbox (130.33919pt too wide) in paragraph at lines 71--72
 [][] 
 []


LaTeX Warning: Float too large for page by 80.0906pt on input line 72.


LaTeX Warning: `h' float specifier changed to `ht'.

<daily_avg_media.png, id=11, 433.62pt x 289.08pt>
File: daily_avg_media.png Graphic file (type png)
<use daily_avg_media.png>
Package pdftex.def Info: daily_avg_media.png  used on input line 78.
(pdftex.def)             Requested size: 390.2544pt x 260.16959pt.

LaTeX Warning: `h' float specifier changed to `ht'.

<subsample.png, id=12, 433.62pt x 289.08pt>
File: subsample.png Graphic file (type png)
<use subsample.png>
Package pdftex.def Info: subsample.png  used on input line 85.
(pdftex.def)             Requested size: 390.2544pt x 260.16959pt.

LaTeX Warning: `h' float specifier changed to `ht'.

[2] [3 <./SPACs_tl.png>] [4 <./daily_avg_media.png> <./subsample.png>]
(Assignment3.aux) ) 
Here is how much of TeX's memory you used:
 3680 strings out of 479300
 53761 string characters out of 2853552
 430755 words of memory out of 3000000
 21110 multiletter control sequences out of 15000+200000
 411280 words of font info for 58 fonts, out of 3000000 for 9000
 1141 hyphenation exceptions out of 8191
 81i,6n,89p,677b,225s stack positions out of 5000i,500n,10000p,200000b,50000s
<C:/Users/f1060/AppData/Local/Programs/MiKTeX 2.9/fonts/type
1/public/amsfonts/cm/cmbx12.pfb><C:/Users/f1060/AppData/Local/Programs/MiKTeX 2
.9/fonts/type1/public/amsfonts/cm/cmr12.pfb><C:/Users/f1060/AppData/Local/Progr
ams/MiKTeX 2.9/fonts/type1/public/amsfonts/cm/cmr17.pfb><C:/Users/f1060/AppData
/Local/Programs/MiKTeX 2.9/fonts/type1/public/amsfonts/cm/cmr8.pfb>
Output written on Assignment3.pdf (4 pages, 96263 bytes).
PDF statistics:
 38 PDF objects out of 1000 (max. 8388607)
 0 named destinations out of 1000 (max. 500000)
 16 words of extra memory for PDF output out of 10000 (max. 10000000)

